<?xml version="1.0" encoding="UTF-8"?>
<!-- Generated by org.testng.reporters.JUnitXMLReporter -->
<testsuite ignored="1" hostname="DESKTOP-IDF5NSK" failures="0" tests="1" name="Default test" time="12.713" errors="0" timestamp="2025-05-31T19:40:39 PKT">
  <testcase classname="com.demo.qa.testcases.WhatsUpTest" name="TestCase4" time="2.467"/>
  <testcase classname="com.demo.qa.testcases.WhatsUpTest" name="TestCase3" time="0.0">
    <ignored/>
  </testcase> <!-- TestCase3 -->
</testsuite> <!-- Default test -->
